e:\x265_project\x265_encoder\x265_encoder\debug\vc120.pdb
e:\x265_project\x265_encoder\x265_encoder\debug\vc120.idb
e:\x265_project\x265_encoder\x265_encoder\debug\x265_encoder.obj
c:\users\liubo\desktop\x265_encoder_review\x265_encoder\debug\vc120.pdb
c:\users\liubo\desktop\x265_encoder_review\x265_encoder\debug\vc120.idb
c:\users\liubo\desktop\x265_encoder_review\x265_encoder\debug\x265_encoder.obj
c:\users\liubo\desktop\h265_encoder\x265_encoder\debug\vc120.pdb
c:\users\liubo\desktop\h265_encoder\x265_encoder\debug\vc120.idb
c:\users\liubo\desktop\h265_encoder\x265_encoder\debug\x265_encoder.obj
e:\x265_project\x265_encoder\debug\x265_encoder.ilk
e:\x265_project\x265_encoder\debug\x265_encoder.exe
e:\x265_project\x265_encoder\debug\x265_encoder.pdb
c:\users\liubo\desktop\x265_encoder_review\debug\x265_encoder.ilk
c:\users\liubo\desktop\x265_encoder_review\debug\x265_encoder.exe
c:\users\liubo\desktop\x265_encoder_review\debug\x265_encoder.pdb
c:\users\liubo\desktop\h265_encoder\debug\x265_encoder.ilk
c:\users\liubo\desktop\h265_encoder\debug\x265_encoder.exe
c:\users\liubo\desktop\h265_encoder\debug\x265_encoder.pdb
c:\users\liubo\desktop\x265_encoder\x265_encoder\debug\x265_encoder.obj
c:\users\liubo\desktop\x265_encoder\x265_encoder\debug\vc120.idb
c:\users\liubo\desktop\x265_encoder\x265_encoder\debug\vc120.pdb
c:\users\liubo\desktop\x265_encoder\debug\x265_encoder.pdb
c:\users\liubo\desktop\x265_encoder\debug\x265_encoder.exe
c:\users\liubo\desktop\x265_encoder\debug\x265_encoder.ilk
c:\users\liubo\desktop\x265_encoder\x265_encoder\debug\x265_encoder.tlog\cl.command.1.tlog
c:\users\liubo\desktop\x265_encoder\x265_encoder\debug\x265_encoder.tlog\cl.read.1.tlog
c:\users\liubo\desktop\x265_encoder\x265_encoder\debug\x265_encoder.tlog\cl.write.1.tlog
c:\users\liubo\desktop\x265_encoder\x265_encoder\debug\x265_encoder.tlog\link.command.1.tlog
c:\users\liubo\desktop\x265_encoder\x265_encoder\debug\x265_encoder.tlog\link.read.1.tlog
c:\users\liubo\desktop\x265_encoder\x265_encoder\debug\x265_encoder.tlog\link.write.1.tlog
